<?xml version="1.0" encoding="UTF-8"?>
<!-- Generated by org.testng.reporters.JUnitReportReporter -->
<testsuite name="com.wallet.qa.tests.RegisterPageTests" tests="1" time="0.000" ignored="0" failures="0" timestamp="13 Dec 2017 07:27:13 GMT" skipped="1" hostname="DESKTOP-271749J" errors="0">
  <testcase name="createUserTest" time="0.000" classname="com.wallet.qa.tests.RegisterPageTests">
    <skipped/>
  </testcase> <!-- createUserTest -->
</testsuite> <!-- com.wallet.qa.tests.RegisterPageTests -->
