<?xml version="1.0" encoding="UTF-8"?>
<!-- Generated by org.testng.reporters.JUnitReportReporter -->
<testsuite skipped="0" hostname="DESKTOP-271749J" name="com.wallet.qa.tests.RegisterpageTest" tests="2" failures="0" timestamp="24 Nov 2017 09:09:54 GMT" time="217.242" errors="0">
  <testcase name="createUserTest" time="111.056" classname="com.wallet.qa.tests.RegisterpageTest"/>
  <testcase name="createUserTest" time="106.186" classname="com.wallet.qa.tests.RegisterpageTest"/>
</testsuite> <!-- com.wallet.qa.tests.RegisterpageTest -->
