<?xml version="1.0" encoding="UTF-8"?>
<!-- Generated by org.testng.reporters.JUnitReportReporter -->
<testsuite skipped="0" hostname="DESKTOP-271749J" name="com.wallet.test.CreateAccountTest" tests="3" failures="0" timestamp="15 Nov 2017 06:41:40 GMT" time="0.030" errors="0">
  <testcase name="createWalletDDT" time="0.007" classname="com.wallet.test.CreateAccountTest"/>
  <testcase name="createWalletDDT" time="0.016" classname="com.wallet.test.CreateAccountTest"/>
  <testcase name="createWalletDDT" time="0.007" classname="com.wallet.test.CreateAccountTest"/>
</testsuite> <!-- com.wallet.test.CreateAccountTest -->
