<?xml version="1.0" encoding="UTF-8"?>
<!-- Generated by org.testng.reporters.JUnitReportReporter -->
<testsuite skipped="0" hostname="DESKTOP-271749J" name="com.wallet.qa.tests.LoginPageTest" tests="2" failures="0" timestamp="24 Nov 2017 13:50:36 GMT" time="107.409" errors="0">
  <testcase name="verifyLogoTest" time="61.131" classname="com.wallet.qa.tests.LoginPageTest"/>
  <testcase name="userLoginTest" time="46.278" classname="com.wallet.qa.tests.LoginPageTest"/>
</testsuite> <!-- com.wallet.qa.tests.LoginPageTest -->
